[2020-03-25T00:30:34.928] [DEBUG] cheese - login => username:zs,password:123456
[2020-03-25T00:30:34.933] [DEBUG] cheese - zs
[2020-03-25T00:30:34.950] [DEBUG] cheese - null
[2020-03-25T00:30:34.951] [DEBUG] cheese - null
[2020-03-25T00:30:52.361] [DEBUG] cheese - login => username:admin,password:123456
[2020-03-25T00:30:52.361] [DEBUG] cheese - admin
[2020-03-25T00:30:52.376] [DEBUG] cheese - null
[2020-03-25T00:30:52.376] [DEBUG] cheese - null
[2020-03-28T22:15:30.624] [DEBUG] cheese - login => username:admin,password:123456
[2020-03-28T22:15:30.628] [DEBUG] cheese - admin
[2020-03-28T22:15:30.762] [DEBUG] cheese - null
[2020-03-28T22:15:30.762] [DEBUG] cheese - null
[2020-03-28T22:35:51.683] [DEBUG] cheese - login => username:admin,password:123456
[2020-03-28T22:35:51.683] [DEBUG] cheese - admin
[2020-03-28T22:35:51.686] [DEBUG] cheese - null
[2020-03-28T22:35:51.687] [DEBUG] cheese - null
[2020-03-28T22:38:48.089] [DEBUG] cheese - login => username:admin,password:123456
[2020-03-28T22:38:48.089] [DEBUG] cheese - admin
[2020-03-28T22:38:48.091] [DEBUG] cheese - null
[2020-03-28T22:38:48.091] [DEBUG] cheese - null
[2020-03-28T22:39:06.573] [DEBUG] cheese - login => username:admin,password:123456
[2020-03-28T22:39:06.574] [DEBUG] cheese - admin
[2020-03-28T22:39:06.579] [DEBUG] cheese - null
[2020-03-28T22:39:06.579] [DEBUG] cheese - null
[2020-03-28T22:46:38.054] [DEBUG] cheese - login => username:admin,password:123456
[2020-03-28T22:46:38.056] [DEBUG] cheese - admin
[2020-03-28T22:46:38.079] [DEBUG] cheese - null
[2020-03-28T22:46:38.080] [DEBUG] cheese - null
[2020-03-28T22:47:52.072] [DEBUG] cheese - login => username:admin,password:123456
[2020-03-28T22:47:52.072] [DEBUG] cheese - admin
[2020-03-28T22:47:52.074] [DEBUG] cheese - null
[2020-03-28T22:47:52.075] [DEBUG] cheese - null
[2020-03-28T22:50:22.046] [DEBUG] cheese - login => username:admin,password:123456
[2020-03-28T22:50:22.046] [DEBUG] cheese - admin
[2020-03-28T22:50:22.049] [DEBUG] cheese - null
[2020-03-28T22:50:22.049] [DEBUG] cheese - null
[2020-03-28T22:57:55.393] [DEBUG] cheese - login => username:admin,password:123456
[2020-03-28T22:57:55.393] [DEBUG] cheese - admin
[2020-03-28T22:57:55.397] [DEBUG] cheese - null
[2020-03-28T22:57:55.397] [DEBUG] cheese - null
[2020-03-28T22:59:38.382] [DEBUG] cheese - login => username:admin,password:123456
[2020-03-28T22:59:38.382] [DEBUG] cheese - admin
[2020-03-28T22:59:38.384] [DEBUG] cheese - null
[2020-03-28T22:59:38.384] [DEBUG] cheese - null
[2020-03-28T23:00:49.517] [DEBUG] cheese - login => username:admin,password:123456
[2020-03-28T23:00:49.517] [DEBUG] cheese - admin
[2020-03-28T23:00:49.521] [DEBUG] cheese - null
[2020-03-28T23:00:49.521] [DEBUG] cheese - null
[2020-03-28T23:05:10.530] [DEBUG] cheese - login => username:admin,password:123456
[2020-03-28T23:05:10.530] [DEBUG] cheese - admin
[2020-03-28T23:05:10.532] [DEBUG] cheese - null
[2020-03-28T23:05:10.532] [DEBUG] cheese - null
[2020-03-28T23:33:18.713] [DEBUG] cheese - login => username:admin,password:123456
[2020-03-28T23:33:18.714] [DEBUG] cheese - admin
[2020-03-28T23:33:18.725] [DEBUG] cheese - null
[2020-03-28T23:33:18.725] [DEBUG] cheese - null
[2020-03-28T23:34:25.600] [DEBUG] cheese - login => username:admin,password:123456
[2020-03-28T23:34:25.600] [DEBUG] cheese - admin
[2020-03-28T23:34:25.602] [DEBUG] cheese - null
[2020-03-28T23:34:25.602] [DEBUG] cheese - null
[2020-03-28T23:35:00.172] [DEBUG] cheese - login => username:admin,password:123456
[2020-03-28T23:35:00.172] [DEBUG] cheese - admin
[2020-03-28T23:35:00.176] [DEBUG] cheese - null
[2020-03-28T23:35:00.176] [DEBUG] cheese - null
[2020-03-29T08:57:02.549] [DEBUG] cheese - login => username:admin,password:123456
[2020-03-29T08:57:02.551] [DEBUG] cheese - admin
[2020-03-29T08:57:02.563] [DEBUG] cheese - null
[2020-03-29T08:57:02.563] [DEBUG] cheese - null
[2020-03-29T09:05:18.474] [DEBUG] cheese - login => username:admin,password:123456
[2020-03-29T09:05:18.474] [DEBUG] cheese - admin
[2020-03-29T09:05:18.477] [DEBUG] cheese - null
[2020-03-29T09:05:18.477] [DEBUG] cheese - null
[2020-03-29T22:11:32.527] [DEBUG] cheese - login => username:admin,password:123456
[2020-03-29T22:11:32.528] [DEBUG] cheese - admin
[2020-03-29T22:11:32.537] [DEBUG] cheese - null
[2020-03-29T22:11:32.537] [DEBUG] cheese - null
[2020-03-29T22:13:02.300] [DEBUG] cheese - login => username:admin,password:123456
[2020-03-29T22:13:02.301] [DEBUG] cheese - admin
[2020-03-29T22:13:02.303] [DEBUG] cheese - null
[2020-03-29T22:13:02.303] [DEBUG] cheese - null
[2020-03-29T22:32:21.586] [DEBUG] cheese - login => username:admin,password:123456
[2020-03-29T22:32:21.587] [DEBUG] cheese - admin
[2020-03-29T22:32:21.591] [DEBUG] cheese - null
[2020-03-29T22:32:21.592] [DEBUG] cheese - null
[2020-03-30T22:53:15.399] [DEBUG] cheese - login => username:admin,password:123456
[2020-03-30T22:53:15.401] [DEBUG] cheese - admin
[2020-03-30T22:53:15.455] [DEBUG] cheese - null
[2020-03-30T22:53:15.456] [DEBUG] cheese - null
[2020-03-31T22:55:58.013] [DEBUG] cheese - login => username:admin,password:123456
[2020-03-31T22:55:58.015] [DEBUG] cheese - admin
[2020-03-31T22:55:58.074] [DEBUG] cheese - null
[2020-03-31T22:55:58.075] [DEBUG] cheese - null
[2020-03-31T23:36:14.405] [DEBUG] cheese - login => username:admin,password:123456
[2020-03-31T23:36:14.406] [DEBUG] cheese - admin
[2020-03-31T23:36:14.408] [DEBUG] cheese - null
[2020-03-31T23:36:14.408] [DEBUG] cheese - null
[2020-04-01T23:48:56.787] [DEBUG] cheese - login => username:admin,password:123456
[2020-04-01T23:48:56.791] [DEBUG] cheese - admin
[2020-04-01T23:48:56.872] [DEBUG] cheese - null
[2020-04-01T23:48:56.873] [DEBUG] cheese - null
[2020-04-01T23:56:18.525] [DEBUG] cheese - login => username:admin,password:123456
[2020-04-01T23:56:18.525] [DEBUG] cheese - admin
[2020-04-01T23:56:18.528] [DEBUG] cheese - null
[2020-04-01T23:56:18.528] [DEBUG] cheese - null
[2020-04-02T00:02:15.673] [DEBUG] cheese - login => username:admin,password:123456
[2020-04-02T00:02:15.674] [DEBUG] cheese - admin
[2020-04-02T00:02:15.678] [DEBUG] cheese - null
[2020-04-02T00:02:15.678] [DEBUG] cheese - null
[2020-04-03T22:16:43.342] [DEBUG] cheese - login => username:admin,password:123456
[2020-04-03T22:16:43.346] [DEBUG] cheese - admin
[2020-04-03T22:16:43.416] [DEBUG] cheese - null
[2020-04-03T22:16:43.417] [DEBUG] cheese - null
[2020-04-03T22:28:59.499] [DEBUG] cheese - null
[2020-04-03T22:30:06.607] [DEBUG] cheese - null
[2020-04-06T09:20:15.099] [DEBUG] cheese - login => username:admin,password:123456
[2020-04-06T09:20:15.100] [DEBUG] cheese - admin
[2020-04-06T09:20:15.114] [DEBUG] cheese - null
[2020-04-06T09:20:15.115] [DEBUG] cheese - null
[2020-04-07T22:49:03.497] [DEBUG] cheese - login => username:admin,password:123456
[2020-04-07T22:49:03.538] [DEBUG] cheese - admin
[2020-04-07T22:49:03.587] [DEBUG] cheese - null
[2020-04-07T22:49:03.591] [DEBUG] cheese - null
[2020-04-08T22:55:15.716] [DEBUG] cheese - login => username:admin,password:123456
[2020-04-08T22:55:15.721] [DEBUG] cheese - admin
[2020-04-08T22:55:15.796] [DEBUG] cheese - null
[2020-04-08T22:55:15.796] [DEBUG] cheese - null
[2020-04-11T10:36:48.632] [DEBUG] cheese - login => username:admin,password:123456
[2020-04-11T10:36:48.639] [DEBUG] cheese - admin
[2020-04-11T10:36:48.736] [DEBUG] cheese - null
[2020-04-11T10:36:48.736] [DEBUG] cheese - null
[2020-04-11T10:37:12.459] [DEBUG] cheese - login => username:admin,password:123456
[2020-04-11T10:37:12.460] [DEBUG] cheese - admin
[2020-04-11T10:37:12.470] [DEBUG] cheese - null
[2020-04-11T10:37:12.470] [DEBUG] cheese - null
[2020-04-13T22:01:25.335] [DEBUG] cheese - login => username:admin,password:123456
[2020-04-13T22:01:25.339] [DEBUG] cheese - admin
[2020-04-13T22:01:25.391] [DEBUG] cheese - null
[2020-04-13T22:01:25.391] [DEBUG] cheese - null
[2020-04-13T23:08:21.308] [DEBUG] cheese - login => username:admin,password:123456
[2020-04-13T23:08:21.308] [DEBUG] cheese - admin
[2020-04-13T23:08:21.312] [DEBUG] cheese - null
[2020-04-13T23:08:21.312] [DEBUG] cheese - null
[2020-04-14T12:41:32.666] [DEBUG] cheese - login => username:admin,password:123456
[2020-04-14T12:41:32.666] [DEBUG] cheese - admin
[2020-04-14T12:41:32.672] [DEBUG] cheese - null
[2020-04-14T12:41:32.672] [DEBUG] cheese - null
[2020-04-18T21:50:43.422] [DEBUG] cheese - login => username:admin,password:123456
[2020-04-18T21:50:43.429] [DEBUG] cheese - admin
[2020-04-18T21:50:43.577] [DEBUG] cheese - null
[2020-04-18T21:50:43.577] [DEBUG] cheese - null
[2020-04-18T22:58:40.204] [DEBUG] cheese - login => username:admin,password:123456
[2020-04-18T22:58:40.205] [DEBUG] cheese - admin
[2020-04-18T22:58:40.209] [DEBUG] cheese - null
[2020-04-18T22:58:40.209] [DEBUG] cheese - null
[2020-04-18T23:03:26.602] [DEBUG] cheese - login => username:admin,password:123456
[2020-04-18T23:03:26.602] [DEBUG] cheese - admin
[2020-04-18T23:03:26.608] [DEBUG] cheese - null
[2020-04-18T23:03:26.608] [DEBUG] cheese - null
[2020-04-20T22:20:04.856] [DEBUG] cheese - login => username:admin,password:123456
[2020-04-20T22:20:04.860] [DEBUG] cheese - admin
[2020-04-20T22:20:04.946] [DEBUG] cheese - null
[2020-04-20T22:20:04.946] [DEBUG] cheese - null
[2020-04-20T23:19:39.533] [DEBUG] cheese - null
[2020-04-25T06:38:55.336] [DEBUG] cheese - login => username:admin,password:123456
[2020-04-25T06:38:55.345] [DEBUG] cheese - admin
[2020-04-25T06:38:55.449] [DEBUG] cheese - null
[2020-04-25T06:38:55.450] [DEBUG] cheese - null
[2020-04-25T07:46:37.916] [DEBUG] cheese - login => username:admin,password:123456
[2020-04-25T07:46:37.917] [DEBUG] cheese - admin
[2020-04-25T07:46:37.920] [DEBUG] cheese - null
[2020-04-25T07:46:37.920] [DEBUG] cheese - null
